<?xml version="1.0" encoding="utf-8"?><testsuites name="pytest tests"><testsuite name="pytest" errors="0" failures="0" skipped="0" tests="6" time="0.643" timestamp="2026-06-03T12:47:53.112034+00:00" hostname="agent-env-5544a60a-d312-4685-bb08-2486a7c563da"><testcase classname="backend.tests.test_soundlull_api.TestCatalog" name="test_catalog_returns_200_and_counts" time="0.210" /><testcase classname="backend.tests.test_soundlull_api.TestPlaylist" name="test_playlist_valid_request" time="0.051" /><testcase classname="backend.tests.test_soundlull_api.TestPlaylist" name="test_playlist_deterministic" time="0.109" /><testcase classname="backend.tests.test_soundlull_api.TestPlaylist" name="test_invalid_mood" time="0.051" /><testcase classname="backend.tests.test_soundlull_api.TestPlaylist" name="test_invalid_intensity" time="0.051" /><testcase classname="backend.tests.test_soundlull_api.TestPlaylist" name="test_invalid_duration" time="0.050" /></testsuite></testsuites>